<?xml version="1.0" encoding="UTF-8"?>
<testsuite xmlns:xsi="http://www.w3.org/2001/XMLSchema-instance" xsi:noNamespaceSchemaLocation="https://maven.apache.org/surefire/maven-surefire-plugin/xsd/surefire-test-report-3.0.xsd" version="3.0" name="TestSuite" time="77.739" tests="4" errors="0" skipped="0" failures="0">
  <properties>
    <property name="java.specification.version" value="17"/>
    <property name="sun.jnu.encoding" value="UTF-8"/>
    <property name="java.class.path" value="/home/ttpl-rt-51/Downloads/AutomationFramework-1.0/target/test-classes:/home/ttpl-rt-51/Downloads/AutomationFramework-1.0/target/classes:/home/ttpl-rt-51/.m2/repository/org/projectlombok/lombok/1.18.22/lombok-1.18.22.jar:/home/ttpl-rt-51/.m2/repository/org/apache/maven/maven-core/4.0.0-alpha-5/maven-core-4.0.0-alpha-5.jar:/home/ttpl-rt-51/.m2/repository/org/apache/maven/maven-model/4.0.0-alpha-5/maven-model-4.0.0-alpha-5.jar:/home/ttpl-rt-51/.m2/repository/org/apache/maven/maven-api-model/4.0.0-alpha-5/maven-api-model-4.0.0-alpha-5.jar:/home/ttpl-rt-51/.m2/repository/org/apache/maven/maven-api-xml/4.0.0-alpha-5/maven-api-xml-4.0.0-alpha-5.jar:/home/ttpl-rt-51/.m2/repository/org/apache/maven/maven-xml-impl/4.0.0-alpha-5/maven-xml-impl-4.0.0-alpha-5.jar:/home/ttpl-rt-51/.m2/repository/org/apache/maven/maven-settings/4.0.0-alpha-5/maven-settings-4.0.0-alpha-5.jar:/home/ttpl-rt-51/.m2/repository/org/apache/maven/maven-api-settings/4.0.0-alpha-5/maven-api-settings-4.0.0-alpha-5.jar:/home/ttpl-rt-51/.m2/repository/org/apache/maven/maven-settings-builder/4.0.0-alpha-5/maven-settings-builder-4.0.0-alpha-5.jar:/home/ttpl-rt-51/.m2/repository/org/apache/maven/maven-builder-support/4.0.0-alpha-5/maven-builder-support-4.0.0-alpha-5.jar:/home/ttpl-rt-51/.m2/repository/org/codehaus/plexus/plexus-interpolation/1.26/plexus-interpolation-1.26.jar:/home/ttpl-rt-51/.m2/repository/org/codehaus/plexus/plexus-sec-dispatcher/2.0/plexus-sec-dispatcher-2.0.jar:/home/ttpl-rt-51/.m2/repository/org/codehaus/plexus/plexus-cipher/2.0/plexus-cipher-2.0.jar:/home/ttpl-rt-51/.m2/repository/org/apache/maven/maven-toolchain-model/4.0.0-alpha-5/maven-toolchain-model-4.0.0-alpha-5.jar:/home/ttpl-rt-51/.m2/repository/org/apache/maven/maven-api-toolchain/4.0.0-alpha-5/maven-api-toolchain-4.0.0-alpha-5.jar:/home/ttpl-rt-51/.m2/repository/org/apache/maven/maven-toolchain-builder/4.0.0-alpha-5/maven-toolchain-builder-4.0.0-alpha-5.jar:/home/ttpl-rt-51/.m2/repository/org/apache/maven/maven-repository-metadata/4.0.0-alpha-5/maven-repository-metadata-4.0.0-alpha-5.jar:/home/ttpl-rt-51/.m2/repository/org/apache/maven/maven-artifact/4.0.0-alpha-5/maven-artifact-4.0.0-alpha-5.jar:/home/ttpl-rt-51/.m2/repository/org/apache/maven/maven-plugin-api/4.0.0-alpha-5/maven-plugin-api-4.0.0-alpha-5.jar:/home/ttpl-rt-51/.m2/repository/org/apache/maven/maven-model-builder/4.0.0-alpha-5/maven-model-builder-4.0.0-alpha-5.jar:/home/ttpl-rt-51/.m2/repository/org/apache/maven/maven-model-transform/4.0.0-alpha-5/maven-model-transform-4.0.0-alpha-5.jar:/home/ttpl-rt-51/.m2/repository/org/apache/maven/maven-resolver-provider/4.0.0-alpha-5/maven-resolver-provider-4.0.0-alpha-5.jar:/home/ttpl-rt-51/.m2/repository/org/apache/maven/maven-api-core/4.0.0-alpha-5/maven-api-core-4.0.0-alpha-5.jar:/home/ttpl-rt-51/.m2/repository/org/apache/maven/maven-api-meta/4.0.0-alpha-5/maven-api-meta-4.0.0-alpha-5.jar:/home/ttpl-rt-51/.m2/repository/org/apache/maven/resolver/maven-resolver-impl/1.9.7/maven-resolver-impl-1.9.7.jar:/home/ttpl-rt-51/.m2/repository/org/apache/maven/resolver/maven-resolver-named-locks/1.9.7/maven-resolver-named-locks-1.9.7.jar:/home/ttpl-rt-51/.m2/repository/org/apache/maven/resolver/maven-resolver-api/1.9.7/maven-resolver-api-1.9.7.jar:/home/ttpl-rt-51/.m2/repository/org/apache/maven/resolver/maven-resolver-spi/1.9.7/maven-resolver-spi-1.9.7.jar:/home/ttpl-rt-51/.m2/repository/org/apache/maven/resolver/maven-resolver-util/1.9.7/maven-resolver-util-1.9.7.jar:/home/ttpl-rt-51/.m2/repository/org/apache/maven/shared/maven-shared-utils/3.3.4/maven-shared-utils-3.3.4.jar:/home/ttpl-rt-51/.m2/repository/org/eclipse/sisu/org.eclipse.sisu.plexus/0.3.5/org.eclipse.sisu.plexus-0.3.5.jar:/home/ttpl-rt-51/.m2/repository/javax/annotation/javax.annotation-api/1.2/javax.annotation-api-1.2.jar:/home/ttpl-rt-51/.m2/repository/org/codehaus/plexus/plexus-component-annotations/1.5.5/plexus-component-annotations-1.5.5.jar:/home/ttpl-rt-51/.m2/repository/org/codehaus/plexus/plexus-utils/3.0.24/plexus-utils-3.0.24.jar:/home/ttpl-rt-51/.m2/repository/org/eclipse/sisu/org.eclipse.sisu.inject/0.3.5/org.eclipse.sisu.inject-0.3.5.jar:/home/ttpl-rt-51/.m2/repository/com/google/inject/guice/5.1.0/guice-5.1.0.jar:/home/ttpl-rt-51/.m2/repository/aopalliance/aopalliance/1.0/aopalliance-1.0.jar:/home/ttpl-rt-51/.m2/repository/com/google/guava/failureaccess/1.0.1/failureaccess-1.0.1.jar:/home/ttpl-rt-51/.m2/repository/javax/inject/javax.inject/1/javax.inject-1.jar:/home/ttpl-rt-51/.m2/repository/org/apache/maven/plexus-utils/4.0.0-alpha-5/plexus-utils-4.0.0-alpha-5.jar:/home/ttpl-rt-51/.m2/repository/org/codehaus/plexus/plexus-classworlds/2.6.0/plexus-classworlds-2.6.0.jar:/home/ttpl-rt-51/.m2/repository/org/apache/commons/commons-lang3/3.12.0/commons-lang3-3.12.0.jar:/home/ttpl-rt-51/.m2/repository/org/seleniumhq/selenium/selenium-java/4.11.0/selenium-java-4.11.0.jar:/home/ttpl-rt-51/.m2/repository/org/seleniumhq/selenium/selenium-api/4.11.0/selenium-api-4.11.0.jar:/home/ttpl-rt-51/.m2/repository/org/seleniumhq/selenium/selenium-devtools-v113/4.11.0/selenium-devtools-v113-4.11.0.jar:/home/ttpl-rt-51/.m2/repository/org/seleniumhq/selenium/selenium-devtools-v114/4.11.0/selenium-devtools-v114-4.11.0.jar:/home/ttpl-rt-51/.m2/repository/org/seleniumhq/selenium/selenium-devtools-v115/4.11.0/selenium-devtools-v115-4.11.0.jar:/home/ttpl-rt-51/.m2/repository/org/seleniumhq/selenium/selenium-devtools-v85/4.11.0/selenium-devtools-v85-4.11.0.jar:/home/ttpl-rt-51/.m2/repository/org/seleniumhq/selenium/selenium-edge-driver/4.11.0/selenium-edge-driver-4.11.0.jar:/home/ttpl-rt-51/.m2/repository/org/seleniumhq/selenium/selenium-ie-driver/4.11.0/selenium-ie-driver-4.11.0.jar:/home/ttpl-rt-51/.m2/repository/org/seleniumhq/selenium/selenium-safari-driver/4.11.0/selenium-safari-driver-4.11.0.jar:/home/ttpl-rt-51/.m2/repository/org/seleniumhq/selenium/selenium-support/4.11.0/selenium-support-4.11.0.jar:/home/ttpl-rt-51/.m2/repository/org/testng/testng/7.8.0/testng-7.8.0.jar:/home/ttpl-rt-51/.m2/repository/com/beust/jcommander/1.82/jcommander-1.82.jar:/home/ttpl-rt-51/.m2/repository/org/webjars/jquery/3.6.1/jquery-3.6.1.jar:/home/ttpl-rt-51/.m2/repository/org/seleniumhq/selenium/selenium-remote-driver/4.11.0/selenium-remote-driver-4.11.0.jar:/home/ttpl-rt-51/.m2/repository/com/google/auto/service/auto-service-annotations/1.0.1/auto-service-annotations-1.0.1.jar:/home/ttpl-rt-51/.m2/repository/io/netty/netty-buffer/4.1.92.Final/netty-buffer-4.1.92.Final.jar:/home/ttpl-rt-51/.m2/repository/io/netty/netty-codec-http/4.1.92.Final/netty-codec-http-4.1.92.Final.jar:/home/ttpl-rt-51/.m2/repository/io/netty/netty-codec/4.1.92.Final/netty-codec-4.1.92.Final.jar:/home/ttpl-rt-51/.m2/repository/io/netty/netty-handler/4.1.92.Final/netty-handler-4.1.92.Final.jar:/home/ttpl-rt-51/.m2/repository/io/netty/netty-common/4.1.92.Final/netty-common-4.1.92.Final.jar:/home/ttpl-rt-51/.m2/repository/io/netty/netty-transport-classes-epoll/4.1.92.Final/netty-transport-classes-epoll-4.1.92.Final.jar:/home/ttpl-rt-51/.m2/repository/io/netty/netty-transport-classes-kqueue/4.1.92.Final/netty-transport-classes-kqueue-4.1.92.Final.jar:/home/ttpl-rt-51/.m2/repository/io/netty/netty-transport-native-epoll/4.1.92.Final/netty-transport-native-epoll-4.1.92.Final.jar:/home/ttpl-rt-51/.m2/repository/io/netty/netty-transport-native-kqueue/4.1.92.Final/netty-transport-native-kqueue-4.1.92.Final.jar:/home/ttpl-rt-51/.m2/repository/io/netty/netty-transport-native-unix-common/4.1.92.Final/netty-transport-native-unix-common-4.1.92.Final.jar:/home/ttpl-rt-51/.m2/repository/io/netty/netty-transport/4.1.92.Final/netty-transport-4.1.92.Final.jar:/home/ttpl-rt-51/.m2/repository/io/netty/netty-resolver/4.1.92.Final/netty-resolver-4.1.92.Final.jar:/home/ttpl-rt-51/.m2/repository/io/opentelemetry/opentelemetry-api/1.26.0/opentelemetry-api-1.26.0.jar:/home/ttpl-rt-51/.m2/repository/io/opentelemetry/opentelemetry-context/1.26.0/opentelemetry-context-1.26.0.jar:/home/ttpl-rt-51/.m2/repository/io/opentelemetry/opentelemetry-exporter-logging/1.26.0/opentelemetry-exporter-logging-1.26.0.jar:/home/ttpl-rt-51/.m2/repository/io/opentelemetry/opentelemetry-sdk-metrics/1.26.0/opentelemetry-sdk-metrics-1.26.0.jar:/home/ttpl-rt-51/.m2/repository/io/opentelemetry/opentelemetry-extension-incubator/1.26.0-alpha/opentelemetry-extension-incubator-1.26.0-alpha.jar:/home/ttpl-rt-51/.m2/repository/io/opentelemetry/opentelemetry-sdk-logs/1.26.0-alpha/opentelemetry-sdk-logs-1.26.0-alpha.jar:/home/ttpl-rt-51/.m2/repository/io/opentelemetry/opentelemetry-api-logs/1.26.0-alpha/opentelemetry-api-logs-1.26.0-alpha.jar:/home/ttpl-rt-51/.m2/repository/io/opentelemetry/opentelemetry-api-events/1.26.0-alpha/opentelemetry-api-events-1.26.0-alpha.jar:/home/ttpl-rt-51/.m2/repository/io/opentelemetry/opentelemetry-sdk-common/1.26.0/opentelemetry-sdk-common-1.26.0.jar:/home/ttpl-rt-51/.m2/repository/io/opentelemetry/opentelemetry-sdk-extension-autoconfigure-spi/1.26.0/opentelemetry-sdk-extension-autoconfigure-spi-1.26.0.jar:/home/ttpl-rt-51/.m2/repository/io/opentelemetry/opentelemetry-sdk-extension-autoconfigure/1.26.0-alpha/opentelemetry-sdk-extension-autoconfigure-1.26.0-alpha.jar:/home/ttpl-rt-51/.m2/repository/io/opentelemetry/opentelemetry-sdk-trace/1.26.0/opentelemetry-sdk-trace-1.26.0.jar:/home/ttpl-rt-51/.m2/repository/io/opentelemetry/opentelemetry-sdk/1.26.0/opentelemetry-sdk-1.26.0.jar:/home/ttpl-rt-51/.m2/repository/io/opentelemetry/opentelemetry-semconv/1.26.0-alpha/opentelemetry-semconv-1.26.0-alpha.jar:/home/ttpl-rt-51/.m2/repository/net/bytebuddy/byte-buddy/1.14.4/byte-buddy-1.14.4.jar:/home/ttpl-rt-51/.m2/repository/org/apache/commons/commons-exec/1.3/commons-exec-1.3.jar:/home/ttpl-rt-51/.m2/repository/org/asynchttpclient/async-http-client/2.12.3/async-http-client-2.12.3.jar:/home/ttpl-rt-51/.m2/repository/org/asynchttpclient/async-http-client-netty-utils/2.12.3/async-http-client-netty-utils-2.12.3.jar:/home/ttpl-rt-51/.m2/repository/io/netty/netty-codec-socks/4.1.60.Final/netty-codec-socks-4.1.60.Final.jar:/home/ttpl-rt-51/.m2/repository/io/netty/netty-handler-proxy/4.1.60.Final/netty-handler-proxy-4.1.60.Final.jar:/home/ttpl-rt-51/.m2/repository/io/netty/netty-transport-native-epoll/4.1.60.Final/netty-transport-native-epoll-4.1.60.Final-linux-x86_64.jar:/home/ttpl-rt-51/.m2/repository/io/netty/netty-transport-native-kqueue/4.1.60.Final/netty-transport-native-kqueue-4.1.60.Final-osx-x86_64.jar:/home/ttpl-rt-51/.m2/repository/org/reactivestreams/reactive-streams/1.0.3/reactive-streams-1.0.3.jar:/home/ttpl-rt-51/.m2/repository/com/typesafe/netty/netty-reactive-streams/2.0.4/netty-reactive-streams-2.0.4.jar:/home/ttpl-rt-51/.m2/repository/com/sun/activation/jakarta.activation/1.2.2/jakarta.activation-1.2.2.jar:/home/ttpl-rt-51/.m2/repository/org/seleniumhq/selenium/selenium-http/4.11.0/selenium-http-4.11.0.jar:/home/ttpl-rt-51/.m2/repository/dev/failsafe/failsafe/3.3.1/failsafe-3.3.1.jar:/home/ttpl-rt-51/.m2/repository/org/seleniumhq/selenium/selenium-json/4.11.0/selenium-json-4.11.0.jar:/home/ttpl-rt-51/.m2/repository/org/seleniumhq/selenium/selenium-manager/4.11.0/selenium-manager-4.11.0.jar:/home/ttpl-rt-51/.m2/repository/io/github/bonigarcia/webdrivermanager/5.4.1/webdrivermanager-5.4.1.jar:/home/ttpl-rt-51/.m2/repository/com/google/code/gson/gson/2.10.1/gson-2.10.1.jar:/home/ttpl-rt-51/.m2/repository/com/github/docker-java/docker-java/3.3.2/docker-java-3.3.2.jar:/home/ttpl-rt-51/.m2/repository/com/github/docker-java/docker-java-core/3.3.2/docker-java-core-3.3.2.jar:/home/ttpl-rt-51/.m2/repository/com/github/docker-java/docker-java-api/3.3.2/docker-java-api-3.3.2.jar:/home/ttpl-rt-51/.m2/repository/com/fasterxml/jackson/core/jackson-annotations/2.10.3/jackson-annotations-2.10.3.jar:/home/ttpl-rt-51/.m2/repository/com/fasterxml/jackson/core/jackson-databind/2.10.3/jackson-databind-2.10.3.jar:/home/ttpl-rt-51/.m2/repository/com/fasterxml/jackson/core/jackson-core/2.10.3/jackson-core-2.10.3.jar:/home/ttpl-rt-51/.m2/repository/org/bouncycastle/bcpkix-jdk15on/1.64/bcpkix-jdk15on-1.64.jar:/home/ttpl-rt-51/.m2/repository/org/bouncycastle/bcprov-jdk15on/1.64/bcprov-jdk15on-1.64.jar:/home/ttpl-rt-51/.m2/repository/org/slf4j/jcl-over-slf4j/1.7.30/jcl-over-slf4j-1.7.30.jar:/home/ttpl-rt-51/.m2/repository/com/github/docker-java/docker-java-transport-httpclient5/3.3.2/docker-java-transport-httpclient5-3.3.2.jar:/home/ttpl-rt-51/.m2/repository/com/github/docker-java/docker-java-transport/3.3.2/docker-java-transport-3.3.2.jar:/home/ttpl-rt-51/.m2/repository/net/java/dev/jna/jna/5.12.1/jna-5.12.1.jar:/home/ttpl-rt-51/.m2/repository/org/brotli/dec/0.1.2/dec-0.1.2.jar:/home/ttpl-rt-51/.m2/repository/org/apache/httpcomponents/client5/httpclient5/5.2.1/httpclient5-5.2.1.jar:/home/ttpl-rt-51/.m2/repository/org/apache/httpcomponents/core5/httpcore5/5.2/httpcore5-5.2.jar:/home/ttpl-rt-51/.m2/repository/org/apache/httpcomponents/core5/httpcore5-h2/5.2/httpcore5-h2-5.2.jar:/home/ttpl-rt-51/.m2/repository/com/selva/selva-util/1.0/selva-util-1.0.jar:/home/ttpl-rt-51/.m2/repository/io/qameta/allure/allure-java-commons/2.23.0/allure-java-commons-2.23.0.jar:/home/ttpl-rt-51/.m2/repository/io/qameta/allure/allure-model/2.23.0/allure-model-2.23.0.jar:/home/ttpl-rt-51/.m2/repository/org/slf4j/slf4j-api/2.0.7/slf4j-api-2.0.7.jar:/home/ttpl-rt-51/.m2/repository/org/apache/logging/log4j/log4j-core/3.0.0-alpha1/log4j-core-3.0.0-alpha1.jar:/home/ttpl-rt-51/.m2/repository/org/apache/logging/log4j/log4j-api/3.0.0-alpha1/log4j-api-3.0.0-alpha1.jar:/home/ttpl-rt-51/.m2/repository/org/apache/logging/log4j/log4j-plugins/3.0.0-alpha1/log4j-plugins-3.0.0-alpha1.jar:/home/ttpl-rt-51/.m2/repository/javax/activation/javax.activation-api/1.2.0/javax.activation-api-1.2.0.jar:/home/ttpl-rt-51/.m2/repository/javax/xml/bind/jaxb-api/2.3.1/jaxb-api-2.3.1.jar:/home/ttpl-rt-51/.m2/repository/com/fasterxml/woodstox/woodstox-core/6.5.0/woodstox-core-6.5.0.jar:/home/ttpl-rt-51/.m2/repository/org/codehaus/woodstox/stax2-api/4.2.1/stax2-api-4.2.1.jar:/home/ttpl-rt-51/.m2/repository/org/seleniumhq/selenium/selenium-chrome-driver/4.11.0/selenium-chrome-driver-4.11.0.jar:/home/ttpl-rt-51/.m2/repository/org/seleniumhq/selenium/selenium-chromium-driver/4.11.0/selenium-chromium-driver-4.11.0.jar:/home/ttpl-rt-51/.m2/repository/com/google/guava/guava/32.1.2-jre/guava-32.1.2-jre.jar:/home/ttpl-rt-51/.m2/repository/com/google/guava/listenablefuture/9999.0-empty-to-avoid-conflict-with-guava/listenablefuture-9999.0-empty-to-avoid-conflict-with-guava.jar:/home/ttpl-rt-51/.m2/repository/com/google/code/findbugs/jsr305/3.0.2/jsr305-3.0.2.jar:/home/ttpl-rt-51/.m2/repository/org/checkerframework/checker-qual/3.33.0/checker-qual-3.33.0.jar:/home/ttpl-rt-51/.m2/repository/com/google/errorprone/error_prone_annotations/2.18.0/error_prone_annotations-2.18.0.jar:/home/ttpl-rt-51/.m2/repository/com/google/j2objc/j2objc-annotations/2.8/j2objc-annotations-2.8.jar:/home/ttpl-rt-51/.m2/repository/org/apache/poi/poi-ooxml/5.2.3/poi-ooxml-5.2.3.jar:/home/ttpl-rt-51/.m2/repository/org/apache/poi/poi/5.2.3/poi-5.2.3.jar:/home/ttpl-rt-51/.m2/repository/commons-codec/commons-codec/1.15/commons-codec-1.15.jar:/home/ttpl-rt-51/.m2/repository/org/apache/commons/commons-math3/3.6.1/commons-math3-3.6.1.jar:/home/ttpl-rt-51/.m2/repository/com/zaxxer/SparseBitSet/1.2/SparseBitSet-1.2.jar:/home/ttpl-rt-51/.m2/repository/org/apache/poi/poi-ooxml-lite/5.2.3/poi-ooxml-lite-5.2.3.jar:/home/ttpl-rt-51/.m2/repository/org/apache/xmlbeans/xmlbeans/5.1.1/xmlbeans-5.1.1.jar:/home/ttpl-rt-51/.m2/repository/org/apache/commons/commons-compress/1.21/commons-compress-1.21.jar:/home/ttpl-rt-51/.m2/repository/commons-io/commons-io/2.11.0/commons-io-2.11.0.jar:/home/ttpl-rt-51/.m2/repository/com/github/virtuald/curvesapi/1.07/curvesapi-1.07.jar:/home/ttpl-rt-51/.m2/repository/org/apache/commons/commons-collections4/4.4/commons-collections4-4.4.jar:/home/ttpl-rt-51/.m2/repository/org/apache/poi/poi-ooxml-schemas/4.1.2/poi-ooxml-schemas-4.1.2.jar:/home/ttpl-rt-51/.m2/repository/com/aventstack/extentreports/5.0.9/extentreports-5.0.9.jar:/home/ttpl-rt-51/.m2/repository/io/reactivex/rxjava3/rxjava/3.0.4/rxjava-3.0.4.jar:/home/ttpl-rt-51/.m2/repository/org/freemarker/freemarker/2.3.30/freemarker-2.3.30.jar:/home/ttpl-rt-51/.m2/repository/org/seleniumhq/selenium/selenium-firefox-driver/4.11.0/selenium-firefox-driver-4.11.0.jar:/home/ttpl-rt-51/.m2/repository/org/json/json/20230618/json-20230618.jar:"/>
    <property name="java.vm.vendor" value="Private Build"/>
    <property name="sun.arch.data.model" value="64"/>
    <property name="java.vendor.url" value="Unknown"/>
    <property name="user.timezone" value="Asia/Kolkata"/>
    <property name="os.name" value="Linux"/>
    <property name="java.vm.specification.version" value="17"/>
    <property name="sun.java.launcher" value="SUN_STANDARD"/>
    <property name="user.country" value="IN"/>
    <property name="sun.boot.library.path" value="/usr/lib/jvm/java-17-openjdk-amd64/lib"/>
    <property name="sun.java.command" value="/home/ttpl-rt-51/Downloads/AutomationFramework-1.0/target/surefire/surefirebooter-20231122120103975_3.jar /home/ttpl-rt-51/Downloads/AutomationFramework-1.0/target/surefire 2023-11-22T12-01-03_828-jvmRun1 surefire-20231122120103975_1tmp surefire_0-20231122120103975_2tmp"/>
    <property name="jdk.debug" value="release"/>
    <property name="surefire.test.class.path" value="/home/ttpl-rt-51/Downloads/AutomationFramework-1.0/target/test-classes:/home/ttpl-rt-51/Downloads/AutomationFramework-1.0/target/classes:/home/ttpl-rt-51/.m2/repository/org/projectlombok/lombok/1.18.22/lombok-1.18.22.jar:/home/ttpl-rt-51/.m2/repository/org/apache/maven/maven-core/4.0.0-alpha-5/maven-core-4.0.0-alpha-5.jar:/home/ttpl-rt-51/.m2/repository/org/apache/maven/maven-model/4.0.0-alpha-5/maven-model-4.0.0-alpha-5.jar:/home/ttpl-rt-51/.m2/repository/org/apache/maven/maven-api-model/4.0.0-alpha-5/maven-api-model-4.0.0-alpha-5.jar:/home/ttpl-rt-51/.m2/repository/org/apache/maven/maven-api-xml/4.0.0-alpha-5/maven-api-xml-4.0.0-alpha-5.jar:/home/ttpl-rt-51/.m2/repository/org/apache/maven/maven-xml-impl/4.0.0-alpha-5/maven-xml-impl-4.0.0-alpha-5.jar:/home/ttpl-rt-51/.m2/repository/org/apache/maven/maven-settings/4.0.0-alpha-5/maven-settings-4.0.0-alpha-5.jar:/home/ttpl-rt-51/.m2/repository/org/apache/maven/maven-api-settings/4.0.0-alpha-5/maven-api-settings-4.0.0-alpha-5.jar:/home/ttpl-rt-51/.m2/repository/org/apache/maven/maven-settings-builder/4.0.0-alpha-5/maven-settings-builder-4.0.0-alpha-5.jar:/home/ttpl-rt-51/.m2/repository/org/apache/maven/maven-builder-support/4.0.0-alpha-5/maven-builder-support-4.0.0-alpha-5.jar:/home/ttpl-rt-51/.m2/repository/org/codehaus/plexus/plexus-interpolation/1.26/plexus-interpolation-1.26.jar:/home/ttpl-rt-51/.m2/repository/org/codehaus/plexus/plexus-sec-dispatcher/2.0/plexus-sec-dispatcher-2.0.jar:/home/ttpl-rt-51/.m2/repository/org/codehaus/plexus/plexus-cipher/2.0/plexus-cipher-2.0.jar:/home/ttpl-rt-51/.m2/repository/org/apache/maven/maven-toolchain-model/4.0.0-alpha-5/maven-toolchain-model-4.0.0-alpha-5.jar:/home/ttpl-rt-51/.m2/repository/org/apache/maven/maven-api-toolchain/4.0.0-alpha-5/maven-api-toolchain-4.0.0-alpha-5.jar:/home/ttpl-rt-51/.m2/repository/org/apache/maven/maven-toolchain-builder/4.0.0-alpha-5/maven-toolchain-builder-4.0.0-alpha-5.jar:/home/ttpl-rt-51/.m2/repository/org/apache/maven/maven-repository-metadata/4.0.0-alpha-5/maven-repository-metadata-4.0.0-alpha-5.jar:/home/ttpl-rt-51/.m2/repository/org/apache/maven/maven-artifact/4.0.0-alpha-5/maven-artifact-4.0.0-alpha-5.jar:/home/ttpl-rt-51/.m2/repository/org/apache/maven/maven-plugin-api/4.0.0-alpha-5/maven-plugin-api-4.0.0-alpha-5.jar:/home/ttpl-rt-51/.m2/repository/org/apache/maven/maven-model-builder/4.0.0-alpha-5/maven-model-builder-4.0.0-alpha-5.jar:/home/ttpl-rt-51/.m2/repository/org/apache/maven/maven-model-transform/4.0.0-alpha-5/maven-model-transform-4.0.0-alpha-5.jar:/home/ttpl-rt-51/.m2/repository/org/apache/maven/maven-resolver-provider/4.0.0-alpha-5/maven-resolver-provider-4.0.0-alpha-5.jar:/home/ttpl-rt-51/.m2/repository/org/apache/maven/maven-api-core/4.0.0-alpha-5/maven-api-core-4.0.0-alpha-5.jar:/home/ttpl-rt-51/.m2/repository/org/apache/maven/maven-api-meta/4.0.0-alpha-5/maven-api-meta-4.0.0-alpha-5.jar:/home/ttpl-rt-51/.m2/repository/org/apache/maven/resolver/maven-resolver-impl/1.9.7/maven-resolver-impl-1.9.7.jar:/home/ttpl-rt-51/.m2/repository/org/apache/maven/resolver/maven-resolver-named-locks/1.9.7/maven-resolver-named-locks-1.9.7.jar:/home/ttpl-rt-51/.m2/repository/org/apache/maven/resolver/maven-resolver-api/1.9.7/maven-resolver-api-1.9.7.jar:/home/ttpl-rt-51/.m2/repository/org/apache/maven/resolver/maven-resolver-spi/1.9.7/maven-resolver-spi-1.9.7.jar:/home/ttpl-rt-51/.m2/repository/org/apache/maven/resolver/maven-resolver-util/1.9.7/maven-resolver-util-1.9.7.jar:/home/ttpl-rt-51/.m2/repository/org/apache/maven/shared/maven-shared-utils/3.3.4/maven-shared-utils-3.3.4.jar:/home/ttpl-rt-51/.m2/repository/org/eclipse/sisu/org.eclipse.sisu.plexus/0.3.5/org.eclipse.sisu.plexus-0.3.5.jar:/home/ttpl-rt-51/.m2/repository/javax/annotation/javax.annotation-api/1.2/javax.annotation-api-1.2.jar:/home/ttpl-rt-51/.m2/repository/org/codehaus/plexus/plexus-component-annotations/1.5.5/plexus-component-annotations-1.5.5.jar:/home/ttpl-rt-51/.m2/repository/org/codehaus/plexus/plexus-utils/3.0.24/plexus-utils-3.0.24.jar:/home/ttpl-rt-51/.m2/repository/org/eclipse/sisu/org.eclipse.sisu.inject/0.3.5/org.eclipse.sisu.inject-0.3.5.jar:/home/ttpl-rt-51/.m2/repository/com/google/inject/guice/5.1.0/guice-5.1.0.jar:/home/ttpl-rt-51/.m2/repository/aopalliance/aopalliance/1.0/aopalliance-1.0.jar:/home/ttpl-rt-51/.m2/repository/com/google/guava/failureaccess/1.0.1/failureaccess-1.0.1.jar:/home/ttpl-rt-51/.m2/repository/javax/inject/javax.inject/1/javax.inject-1.jar:/home/ttpl-rt-51/.m2/repository/org/apache/maven/plexus-utils/4.0.0-alpha-5/plexus-utils-4.0.0-alpha-5.jar:/home/ttpl-rt-51/.m2/repository/org/codehaus/plexus/plexus-classworlds/2.6.0/plexus-classworlds-2.6.0.jar:/home/ttpl-rt-51/.m2/repository/org/apache/commons/commons-lang3/3.12.0/commons-lang3-3.12.0.jar:/home/ttpl-rt-51/.m2/repository/org/seleniumhq/selenium/selenium-java/4.11.0/selenium-java-4.11.0.jar:/home/ttpl-rt-51/.m2/repository/org/seleniumhq/selenium/selenium-api/4.11.0/selenium-api-4.11.0.jar:/home/ttpl-rt-51/.m2/repository/org/seleniumhq/selenium/selenium-devtools-v113/4.11.0/selenium-devtools-v113-4.11.0.jar:/home/ttpl-rt-51/.m2/repository/org/seleniumhq/selenium/selenium-devtools-v114/4.11.0/selenium-devtools-v114-4.11.0.jar:/home/ttpl-rt-51/.m2/repository/org/seleniumhq/selenium/selenium-devtools-v115/4.11.0/selenium-devtools-v115-4.11.0.jar:/home/ttpl-rt-51/.m2/repository/org/seleniumhq/selenium/selenium-devtools-v85/4.11.0/selenium-devtools-v85-4.11.0.jar:/home/ttpl-rt-51/.m2/repository/org/seleniumhq/selenium/selenium-edge-driver/4.11.0/selenium-edge-driver-4.11.0.jar:/home/ttpl-rt-51/.m2/repository/org/seleniumhq/selenium/selenium-ie-driver/4.11.0/selenium-ie-driver-4.11.0.jar:/home/ttpl-rt-51/.m2/repository/org/seleniumhq/selenium/selenium-safari-driver/4.11.0/selenium-safari-driver-4.11.0.jar:/home/ttpl-rt-51/.m2/repository/org/seleniumhq/selenium/selenium-support/4.11.0/selenium-support-4.11.0.jar:/home/ttpl-rt-51/.m2/repository/org/testng/testng/7.8.0/testng-7.8.0.jar:/home/ttpl-rt-51/.m2/repository/com/beust/jcommander/1.82/jcommander-1.82.jar:/home/ttpl-rt-51/.m2/repository/org/webjars/jquery/3.6.1/jquery-3.6.1.jar:/home/ttpl-rt-51/.m2/repository/org/seleniumhq/selenium/selenium-remote-driver/4.11.0/selenium-remote-driver-4.11.0.jar:/home/ttpl-rt-51/.m2/repository/com/google/auto/service/auto-service-annotations/1.0.1/auto-service-annotations-1.0.1.jar:/home/ttpl-rt-51/.m2/repository/io/netty/netty-buffer/4.1.92.Final/netty-buffer-4.1.92.Final.jar:/home/ttpl-rt-51/.m2/repository/io/netty/netty-codec-http/4.1.92.Final/netty-codec-http-4.1.92.Final.jar:/home/ttpl-rt-51/.m2/repository/io/netty/netty-codec/4.1.92.Final/netty-codec-4.1.92.Final.jar:/home/ttpl-rt-51/.m2/repository/io/netty/netty-handler/4.1.92.Final/netty-handler-4.1.92.Final.jar:/home/ttpl-rt-51/.m2/repository/io/netty/netty-common/4.1.92.Final/netty-common-4.1.92.Final.jar:/home/ttpl-rt-51/.m2/repository/io/netty/netty-transport-classes-epoll/4.1.92.Final/netty-transport-classes-epoll-4.1.92.Final.jar:/home/ttpl-rt-51/.m2/repository/io/netty/netty-transport-classes-kqueue/4.1.92.Final/netty-transport-classes-kqueue-4.1.92.Final.jar:/home/ttpl-rt-51/.m2/repository/io/netty/netty-transport-native-epoll/4.1.92.Final/netty-transport-native-epoll-4.1.92.Final.jar:/home/ttpl-rt-51/.m2/repository/io/netty/netty-transport-native-kqueue/4.1.92.Final/netty-transport-native-kqueue-4.1.92.Final.jar:/home/ttpl-rt-51/.m2/repository/io/netty/netty-transport-native-unix-common/4.1.92.Final/netty-transport-native-unix-common-4.1.92.Final.jar:/home/ttpl-rt-51/.m2/repository/io/netty/netty-transport/4.1.92.Final/netty-transport-4.1.92.Final.jar:/home/ttpl-rt-51/.m2/repository/io/netty/netty-resolver/4.1.92.Final/netty-resolver-4.1.92.Final.jar:/home/ttpl-rt-51/.m2/repository/io/opentelemetry/opentelemetry-api/1.26.0/opentelemetry-api-1.26.0.jar:/home/ttpl-rt-51/.m2/repository/io/opentelemetry/opentelemetry-context/1.26.0/opentelemetry-context-1.26.0.jar:/home/ttpl-rt-51/.m2/repository/io/opentelemetry/opentelemetry-exporter-logging/1.26.0/opentelemetry-exporter-logging-1.26.0.jar:/home/ttpl-rt-51/.m2/repository/io/opentelemetry/opentelemetry-sdk-metrics/1.26.0/opentelemetry-sdk-metrics-1.26.0.jar:/home/ttpl-rt-51/.m2/repository/io/opentelemetry/opentelemetry-extension-incubator/1.26.0-alpha/opentelemetry-extension-incubator-1.26.0-alpha.jar:/home/ttpl-rt-51/.m2/repository/io/opentelemetry/opentelemetry-sdk-logs/1.26.0-alpha/opentelemetry-sdk-logs-1.26.0-alpha.jar:/home/ttpl-rt-51/.m2/repository/io/opentelemetry/opentelemetry-api-logs/1.26.0-alpha/opentelemetry-api-logs-1.26.0-alpha.jar:/home/ttpl-rt-51/.m2/repository/io/opentelemetry/opentelemetry-api-events/1.26.0-alpha/opentelemetry-api-events-1.26.0-alpha.jar:/home/ttpl-rt-51/.m2/repository/io/opentelemetry/opentelemetry-sdk-common/1.26.0/opentelemetry-sdk-common-1.26.0.jar:/home/ttpl-rt-51/.m2/repository/io/opentelemetry/opentelemetry-sdk-extension-autoconfigure-spi/1.26.0/opentelemetry-sdk-extension-autoconfigure-spi-1.26.0.jar:/home/ttpl-rt-51/.m2/repository/io/opentelemetry/opentelemetry-sdk-extension-autoconfigure/1.26.0-alpha/opentelemetry-sdk-extension-autoconfigure-1.26.0-alpha.jar:/home/ttpl-rt-51/.m2/repository/io/opentelemetry/opentelemetry-sdk-trace/1.26.0/opentelemetry-sdk-trace-1.26.0.jar:/home/ttpl-rt-51/.m2/repository/io/opentelemetry/opentelemetry-sdk/1.26.0/opentelemetry-sdk-1.26.0.jar:/home/ttpl-rt-51/.m2/repository/io/opentelemetry/opentelemetry-semconv/1.26.0-alpha/opentelemetry-semconv-1.26.0-alpha.jar:/home/ttpl-rt-51/.m2/repository/net/bytebuddy/byte-buddy/1.14.4/byte-buddy-1.14.4.jar:/home/ttpl-rt-51/.m2/repository/org/apache/commons/commons-exec/1.3/commons-exec-1.3.jar:/home/ttpl-rt-51/.m2/repository/org/asynchttpclient/async-http-client/2.12.3/async-http-client-2.12.3.jar:/home/ttpl-rt-51/.m2/repository/org/asynchttpclient/async-http-client-netty-utils/2.12.3/async-http-client-netty-utils-2.12.3.jar:/home/ttpl-rt-51/.m2/repository/io/netty/netty-codec-socks/4.1.60.Final/netty-codec-socks-4.1.60.Final.jar:/home/ttpl-rt-51/.m2/repository/io/netty/netty-handler-proxy/4.1.60.Final/netty-handler-proxy-4.1.60.Final.jar:/home/ttpl-rt-51/.m2/repository/io/netty/netty-transport-native-epoll/4.1.60.Final/netty-transport-native-epoll-4.1.60.Final-linux-x86_64.jar:/home/ttpl-rt-51/.m2/repository/io/netty/netty-transport-native-kqueue/4.1.60.Final/netty-transport-native-kqueue-4.1.60.Final-osx-x86_64.jar:/home/ttpl-rt-51/.m2/repository/org/reactivestreams/reactive-streams/1.0.3/reactive-streams-1.0.3.jar:/home/ttpl-rt-51/.m2/repository/com/typesafe/netty/netty-reactive-streams/2.0.4/netty-reactive-streams-2.0.4.jar:/home/ttpl-rt-51/.m2/repository/com/sun/activation/jakarta.activation/1.2.2/jakarta.activation-1.2.2.jar:/home/ttpl-rt-51/.m2/repository/org/seleniumhq/selenium/selenium-http/4.11.0/selenium-http-4.11.0.jar:/home/ttpl-rt-51/.m2/repository/dev/failsafe/failsafe/3.3.1/failsafe-3.3.1.jar:/home/ttpl-rt-51/.m2/repository/org/seleniumhq/selenium/selenium-json/4.11.0/selenium-json-4.11.0.jar:/home/ttpl-rt-51/.m2/repository/org/seleniumhq/selenium/selenium-manager/4.11.0/selenium-manager-4.11.0.jar:/home/ttpl-rt-51/.m2/repository/io/github/bonigarcia/webdrivermanager/5.4.1/webdrivermanager-5.4.1.jar:/home/ttpl-rt-51/.m2/repository/com/google/code/gson/gson/2.10.1/gson-2.10.1.jar:/home/ttpl-rt-51/.m2/repository/com/github/docker-java/docker-java/3.3.2/docker-java-3.3.2.jar:/home/ttpl-rt-51/.m2/repository/com/github/docker-java/docker-java-core/3.3.2/docker-java-core-3.3.2.jar:/home/ttpl-rt-51/.m2/repository/com/github/docker-java/docker-java-api/3.3.2/docker-java-api-3.3.2.jar:/home/ttpl-rt-51/.m2/repository/com/fasterxml/jackson/core/jackson-annotations/2.10.3/jackson-annotations-2.10.3.jar:/home/ttpl-rt-51/.m2/repository/com/fasterxml/jackson/core/jackson-databind/2.10.3/jackson-databind-2.10.3.jar:/home/ttpl-rt-51/.m2/repository/com/fasterxml/jackson/core/jackson-core/2.10.3/jackson-core-2.10.3.jar:/home/ttpl-rt-51/.m2/repository/org/bouncycastle/bcpkix-jdk15on/1.64/bcpkix-jdk15on-1.64.jar:/home/ttpl-rt-51/.m2/repository/org/bouncycastle/bcprov-jdk15on/1.64/bcprov-jdk15on-1.64.jar:/home/ttpl-rt-51/.m2/repository/org/slf4j/jcl-over-slf4j/1.7.30/jcl-over-slf4j-1.7.30.jar:/home/ttpl-rt-51/.m2/repository/com/github/docker-java/docker-java-transport-httpclient5/3.3.2/docker-java-transport-httpclient5-3.3.2.jar:/home/ttpl-rt-51/.m2/repository/com/github/docker-java/docker-java-transport/3.3.2/docker-java-transport-3.3.2.jar:/home/ttpl-rt-51/.m2/repository/net/java/dev/jna/jna/5.12.1/jna-5.12.1.jar:/home/ttpl-rt-51/.m2/repository/org/brotli/dec/0.1.2/dec-0.1.2.jar:/home/ttpl-rt-51/.m2/repository/org/apache/httpcomponents/client5/httpclient5/5.2.1/httpclient5-5.2.1.jar:/home/ttpl-rt-51/.m2/repository/org/apache/httpcomponents/core5/httpcore5/5.2/httpcore5-5.2.jar:/home/ttpl-rt-51/.m2/repository/org/apache/httpcomponents/core5/httpcore5-h2/5.2/httpcore5-h2-5.2.jar:/home/ttpl-rt-51/.m2/repository/com/selva/selva-util/1.0/selva-util-1.0.jar:/home/ttpl-rt-51/.m2/repository/io/qameta/allure/allure-java-commons/2.23.0/allure-java-commons-2.23.0.jar:/home/ttpl-rt-51/.m2/repository/io/qameta/allure/allure-model/2.23.0/allure-model-2.23.0.jar:/home/ttpl-rt-51/.m2/repository/org/slf4j/slf4j-api/2.0.7/slf4j-api-2.0.7.jar:/home/ttpl-rt-51/.m2/repository/org/apache/logging/log4j/log4j-core/3.0.0-alpha1/log4j-core-3.0.0-alpha1.jar:/home/ttpl-rt-51/.m2/repository/org/apache/logging/log4j/log4j-api/3.0.0-alpha1/log4j-api-3.0.0-alpha1.jar:/home/ttpl-rt-51/.m2/repository/org/apache/logging/log4j/log4j-plugins/3.0.0-alpha1/log4j-plugins-3.0.0-alpha1.jar:/home/ttpl-rt-51/.m2/repository/javax/activation/javax.activation-api/1.2.0/javax.activation-api-1.2.0.jar:/home/ttpl-rt-51/.m2/repository/javax/xml/bind/jaxb-api/2.3.1/jaxb-api-2.3.1.jar:/home/ttpl-rt-51/.m2/repository/com/fasterxml/woodstox/woodstox-core/6.5.0/woodstox-core-6.5.0.jar:/home/ttpl-rt-51/.m2/repository/org/codehaus/woodstox/stax2-api/4.2.1/stax2-api-4.2.1.jar:/home/ttpl-rt-51/.m2/repository/org/seleniumhq/selenium/selenium-chrome-driver/4.11.0/selenium-chrome-driver-4.11.0.jar:/home/ttpl-rt-51/.m2/repository/org/seleniumhq/selenium/selenium-chromium-driver/4.11.0/selenium-chromium-driver-4.11.0.jar:/home/ttpl-rt-51/.m2/repository/com/google/guava/guava/32.1.2-jre/guava-32.1.2-jre.jar:/home/ttpl-rt-51/.m2/repository/com/google/guava/listenablefuture/9999.0-empty-to-avoid-conflict-with-guava/listenablefuture-9999.0-empty-to-avoid-conflict-with-guava.jar:/home/ttpl-rt-51/.m2/repository/com/google/code/findbugs/jsr305/3.0.2/jsr305-3.0.2.jar:/home/ttpl-rt-51/.m2/repository/org/checkerframework/checker-qual/3.33.0/checker-qual-3.33.0.jar:/home/ttpl-rt-51/.m2/repository/com/google/errorprone/error_prone_annotations/2.18.0/error_prone_annotations-2.18.0.jar:/home/ttpl-rt-51/.m2/repository/com/google/j2objc/j2objc-annotations/2.8/j2objc-annotations-2.8.jar:/home/ttpl-rt-51/.m2/repository/org/apache/poi/poi-ooxml/5.2.3/poi-ooxml-5.2.3.jar:/home/ttpl-rt-51/.m2/repository/org/apache/poi/poi/5.2.3/poi-5.2.3.jar:/home/ttpl-rt-51/.m2/repository/commons-codec/commons-codec/1.15/commons-codec-1.15.jar:/home/ttpl-rt-51/.m2/repository/org/apache/commons/commons-math3/3.6.1/commons-math3-3.6.1.jar:/home/ttpl-rt-51/.m2/repository/com/zaxxer/SparseBitSet/1.2/SparseBitSet-1.2.jar:/home/ttpl-rt-51/.m2/repository/org/apache/poi/poi-ooxml-lite/5.2.3/poi-ooxml-lite-5.2.3.jar:/home/ttpl-rt-51/.m2/repository/org/apache/xmlbeans/xmlbeans/5.1.1/xmlbeans-5.1.1.jar:/home/ttpl-rt-51/.m2/repository/org/apache/commons/commons-compress/1.21/commons-compress-1.21.jar:/home/ttpl-rt-51/.m2/repository/commons-io/commons-io/2.11.0/commons-io-2.11.0.jar:/home/ttpl-rt-51/.m2/repository/com/github/virtuald/curvesapi/1.07/curvesapi-1.07.jar:/home/ttpl-rt-51/.m2/repository/org/apache/commons/commons-collections4/4.4/commons-collections4-4.4.jar:/home/ttpl-rt-51/.m2/repository/org/apache/poi/poi-ooxml-schemas/4.1.2/poi-ooxml-schemas-4.1.2.jar:/home/ttpl-rt-51/.m2/repository/com/aventstack/extentreports/5.0.9/extentreports-5.0.9.jar:/home/ttpl-rt-51/.m2/repository/io/reactivex/rxjava3/rxjava/3.0.4/rxjava-3.0.4.jar:/home/ttpl-rt-51/.m2/repository/org/freemarker/freemarker/2.3.30/freemarker-2.3.30.jar:/home/ttpl-rt-51/.m2/repository/org/seleniumhq/selenium/selenium-firefox-driver/4.11.0/selenium-firefox-driver-4.11.0.jar:/home/ttpl-rt-51/.m2/repository/org/json/json/20230618/json-20230618.jar:"/>
    <property name="sun.cpu.endian" value="little"/>
    <property name="user.home" value="/home/ttpl-rt-51"/>
    <property name="user.language" value="en"/>
    <property name="java.specification.vendor" value="Oracle Corporation"/>
    <property name="java.version.date" value="2023-08-24"/>
    <property name="java.home" value="/usr/lib/jvm/java-17-openjdk-amd64"/>
    <property name="file.separator" value="/"/>
    <property name="basedir" value="/home/ttpl-rt-51/Downloads/AutomationFramework-1.0"/>
    <property name="java.vm.compressedOopsMode" value="Zero based"/>
    <property name="line.separator" value="&#10;"/>
    <property name="java.vm.specification.vendor" value="Oracle Corporation"/>
    <property name="java.specification.name" value="Java Platform API Specification"/>
    <property name="surefire.real.class.path" value="/home/ttpl-rt-51/Downloads/AutomationFramework-1.0/target/surefire/surefirebooter-20231122120103975_3.jar"/>
    <property name="sun.management.compiler" value="HotSpot 64-Bit Tiered Compilers"/>
    <property name="java.runtime.version" value="17.0.8.1+1-Ubuntu-0ubuntu120.04"/>
    <property name="user.name" value="ttpl-rt-51"/>
    <property name="path.separator" value=":"/>
    <property name="os.version" value="5.15.0-86-generic"/>
    <property name="java.runtime.name" value="OpenJDK Runtime Environment"/>
    <property name="file.encoding" value="UTF-8"/>
    <property name="java.vm.name" value="OpenJDK 64-Bit Server VM"/>
    <property name="localRepository" value="/home/ttpl-rt-51/.m2/repository"/>
    <property name="java.vendor.url.bug" value="Unknown"/>
    <property name="java.io.tmpdir" value="/tmp"/>
    <property name="java.version" value="17.0.8.1"/>
    <property name="user.dir" value="/home/ttpl-rt-51/Downloads/AutomationFramework-1.0"/>
    <property name="os.arch" value="amd64"/>
    <property name="java.vm.specification.name" value="Java Virtual Machine Specification"/>
    <property name="java.util.logging.SimpleFormatter.format" value="[%1$tF %1$tT] [%4$-7s] %5$s %n"/>
    <property name="native.encoding" value="UTF-8"/>
    <property name="java.library.path" value="/usr/java/packages/lib:/usr/lib/x86_64-linux-gnu/jni:/lib/x86_64-linux-gnu:/usr/lib/x86_64-linux-gnu:/usr/lib/jni:/lib:/usr/lib"/>
    <property name="java.vm.info" value="mixed mode, sharing"/>
    <property name="java.vendor" value="Private Build"/>
    <property name="java.vm.version" value="17.0.8.1+1-Ubuntu-0ubuntu120.04"/>
    <property name="sun.io.unicode.encoding" value="UnicodeLittle"/>
    <property name="java.class.version" value="61.0"/>
  </properties>
  <testcase name="LM_L_LIP[eg_admin, EgAdmiN1, public void pom.test.Ip_Login_Test.LM_L_LIP(java.lang.String,java.lang.String,java.lang.reflect.Method)](1)" classname="pom.test.Ip_Login_Test" time="16.652">
    <system-out><![CDATA[======>>>> LOG_FILE_NAME from Constants 
======:::: LOG_FILE_NAME -23-11-22_120104.log
======:::: LOG_FILE_DIR ./logs/20231122_120104/
Creating directory: ./logs/20231122_120104/
Creating directory: ./logs/20231122_120104/
]]></system-out>
    <system-err><![CDATA[SLF4J: No SLF4J providers were found.
SLF4J: Defaulting to no-operation (NOP) logger implementation
SLF4J: See https://www.slf4j.org/codes.html#noProviders for further details.
[2023-11-22 12:01:05] [INFO   ] Generating Test Report 
[2023-11-22 12:01:05] [INFO   ] Generating test report 
[2023-11-22 12:01:05] [INFO   ] Generating test report 
[2023-11-22 12:01:05] [INFO   ] Fetching data from the data provider 'EG_login' 
[2023-11-22 12:01:06] [INFO   ] Setting up the browser... 
[2023-11-22 12:01:07] [WARNING] Unable to find an exact match for CDP version 116, so returning the closest version found: 115 
[2023-11-22 12:01:08] [INFO   ] Started measuring time 2023-11-22T06:31:08.201417128Z 
[2023-11-22 12:01:08] [INFO   ] Executing LM_L_LIP Test Cases 
[2023-11-22 12:01:08] [INFO   ] Executing login test cases... 
[2023-11-22 12:01:08] [INFO   ] Entering username: eg_admin 
[2023-11-22 12:01:13] [INFO   ] Entering password... 
[2023-11-22 12:01:14] [INFO   ] Clicking on login button... 
[2023-11-22 12:01:24] [SEVERE ] !!!    EXCEPTION Occurred    !!! 
[2023-11-22 12:01:24] [SEVERE ] Exception occurred during IP login test case. 
[2023-11-22 12:01:24] [SEVERE ] ------------------- Exception Error Message is: -------------- 
[2023-11-22 12:01:24] [SEVERE ] no such element: Unable to locate element: {"method":"xpath","selector":"//div[contains(text(),'Home')]"}
  (Session info: headless chrome=116.0.5845.96)
For documentation on this error, please visit: https://www.selenium.dev/documentation/webdriver/troubleshooting/errors#no-such-element-exception
Build info: version: '4.11.0', revision: '040bc5406b'
System info: os.name: 'Linux', os.arch: 'amd64', os.version: '5.15.0-86-generic', java.version: '17.0.8.1'
Driver info: org.openqa.selenium.chrome.ChromeDriver
Command: [513130f4f90af602ebfeb355fa51cf26, findElement {using=xpath, value=//div[contains(text(),'Home')]}]
Capabilities {acceptInsecureCerts: false, browserName: chrome, browserVersion: 116.0.5845.96, chrome: {chromedriverVersion: 116.0.5845.96 (1a3918166880..., userDataDir: /tmp/.org.chromium.Chromium...}, fedcm:accounts: true, goog:chromeOptions: {debuggerAddress: localhost:44115}, networkConnectionEnabled: false, pageLoadStrategy: normal, platformName: linux, proxy: Proxy(), se:cdp: ws://localhost:44115/devtoo..., se:cdpVersion: 116.0.5845.96, setWindowRect: true, strictFileInteractability: false, timeouts: {implicit: 0, pageLoad: 300000, script: 30000}, unhandledPromptBehavior: dismiss and notify, webauthn:extension:credBlob: true, webauthn:extension:largeBlob: true, webauthn:extension:minPinLength: true, webauthn:extension:prf: true, webauthn:virtualAuthenticators: true}
Session ID: 513130f4f90af602ebfeb355fa51cf26 
[2023-11-22 12:01:24] [SEVERE ] =================== Exception stack trace ==================== 
[2023-11-22 12:01:24] [SEVERE ] org.openqa.selenium.NoSuchElementException: no such element: Unable to locate element: {"method":"xpath","selector":"//div[contains(text(),'Home')]"}
  (Session info: headless chrome=116.0.5845.96)
For documentation on this error, please visit: https://www.selenium.dev/documentation/webdriver/troubleshooting/errors#no-such-element-exception
Build info: version: '4.11.0', revision: '040bc5406b'
System info: os.name: 'Linux', os.arch: 'amd64', os.version: '5.15.0-86-generic', java.version: '17.0.8.1'
Driver info: org.openqa.selenium.chrome.ChromeDriver
Command: [513130f4f90af602ebfeb355fa51cf26, findElement {using=xpath, value=//div[contains(text(),'Home')]}]
Capabilities {acceptInsecureCerts: false, browserName: chrome, browserVersion: 116.0.5845.96, chrome: {chromedriverVersion: 116.0.5845.96 (1a3918166880..., userDataDir: /tmp/.org.chromium.Chromium...}, fedcm:accounts: true, goog:chromeOptions: {debuggerAddress: localhost:44115}, networkConnectionEnabled: false, pageLoadStrategy: normal, platformName: linux, proxy: Proxy(), se:cdp: ws://localhost:44115/devtoo..., se:cdpVersion: 116.0.5845.96, setWindowRect: true, strictFileInteractability: false, timeouts: {implicit: 0, pageLoad: 300000, script: 30000}, unhandledPromptBehavior: dismiss and notify, webauthn:extension:credBlob: true, webauthn:extension:largeBlob: true, webauthn:extension:minPinLength: true, webauthn:extension:prf: true, webauthn:virtualAuthenticators: true}
Session ID: 513130f4f90af602ebfeb355fa51cf26
	at java.base/jdk.internal.reflect.NativeConstructorAccessorImpl.newInstance0(Native Method)
	at java.base/jdk.internal.reflect.NativeConstructorAccessorImpl.newInstance(NativeConstructorAccessorImpl.java:77)
	at java.base/jdk.internal.reflect.DelegatingConstructorAccessorImpl.newInstance(DelegatingConstructorAccessorImpl.java:45)
	at java.base/java.lang.reflect.Constructor.newInstanceWithCaller(Constructor.java:499)
	at java.base/java.lang.reflect.Constructor.newInstance(Constructor.java:480)
	at org.openqa.selenium.remote.codec.w3c.W3CHttpResponseCodec.createException(W3CHttpResponseCodec.java:200)
	at org.openqa.selenium.remote.codec.w3c.W3CHttpResponseCodec.decode(W3CHttpResponseCodec.java:133)
	at org.openqa.selenium.remote.codec.w3c.W3CHttpResponseCodec.decode(W3CHttpResponseCodec.java:52)
	at org.openqa.selenium.remote.HttpCommandExecutor.execute(HttpCommandExecutor.java:191)
	at org.openqa.selenium.remote.service.DriverCommandExecutor.invokeExecute(DriverCommandExecutor.java:196)
	at org.openqa.selenium.remote.service.DriverCommandExecutor.execute(DriverCommandExecutor.java:171)
	at org.openqa.selenium.remote.RemoteWebDriver.execute(RemoteWebDriver.java:518)
	at org.openqa.selenium.remote.ElementLocation$ElementFinder$2.findElement(ElementLocation.java:165)
	at org.openqa.selenium.remote.ElementLocation.findElement(ElementLocation.java:59)
	at org.openqa.selenium.remote.RemoteWebDriver.findElement(RemoteWebDriver.java:355)
	at org.openqa.selenium.remote.RemoteWebDriver.findElement(RemoteWebDriver.java:349)
	at pom.Ip_Login.loginTestCases(Ip_Login.java:100)
	at pom.test.Ip_Login_Test.LM_L_LIP(Ip_Login_Test.java:85)
	at java.base/jdk.internal.reflect.NativeMethodAccessorImpl.invoke0(Native Method)
	at java.base/jdk.internal.reflect.NativeMethodAccessorImpl.invoke(NativeMethodAccessorImpl.java:77)
	at java.base/jdk.internal.reflect.DelegatingMethodAccessorImpl.invoke(DelegatingMethodAccessorImpl.java:43)
	at java.base/java.lang.reflect.Method.invoke(Method.java:568)
	at org.testng.internal.invokers.MethodInvocationHelper.invokeMethod(MethodInvocationHelper.java:139)
	at org.testng.internal.invokers.TestInvoker.invokeMethod(TestInvoker.java:664)
	at org.testng.internal.invokers.TestInvoker.invokeTestMethod(TestInvoker.java:227)
	at org.testng.internal.invokers.MethodRunner.runInSequence(MethodRunner.java:50)
	at org.testng.internal.invokers.TestInvoker$MethodInvocationAgent.invoke(TestInvoker.java:957)
	at org.testng.internal.invokers.TestInvoker.invokeTestMethods(TestInvoker.java:200)
	at org.testng.internal.invokers.TestMethodWorker.invokeTestMethods(TestMethodWorker.java:148)
	at org.testng.internal.invokers.TestMethodWorker.run(TestMethodWorker.java:128)
	at java.base/java.util.ArrayList.forEach(ArrayList.java:1511)
	at org.testng.TestRunner.privateRun(TestRunner.java:848)
	at org.testng.TestRunner.run(TestRunner.java:621)
	at org.testng.SuiteRunner.runTest(SuiteRunner.java:443)
	at org.testng.SuiteRunner.runSequentially(SuiteRunner.java:437)
	at org.testng.SuiteRunner.privateRun(SuiteRunner.java:397)
	at org.testng.SuiteRunner.run(SuiteRunner.java:336)
	at org.testng.SuiteRunnerWorker.runSuite(SuiteRunnerWorker.java:52)
	at org.testng.SuiteRunnerWorker.run(SuiteRunnerWorker.java:95)
	at org.testng.TestNG.runSuitesSequentially(TestNG.java:1280)
	at org.testng.TestNG.runSuitesLocally(TestNG.java:1200)
	at org.testng.TestNG.runSuites(TestNG.java:1114)
	at org.testng.TestNG.run(TestNG.java:1082)
	at org.apache.maven.surefire.testng.TestNGExecutor.run(TestNGExecutor.java:308)
	at org.apache.maven.surefire.testng.TestNGXmlTestSuite.execute(TestNGXmlTestSuite.java:71)
	at org.apache.maven.surefire.testng.TestNGProvider.invoke(TestNGProvider.java:113)
	at org.apache.maven.surefire.booter.ForkedBooter.runSuitesInProcess(ForkedBooter.java:385)
	at org.apache.maven.surefire.booter.ForkedBooter.execute(ForkedBooter.java:162)
	at org.apache.maven.surefire.booter.ForkedBooter.run(ForkedBooter.java:507)
	at org.apache.maven.surefire.booter.ForkedBooter.main(ForkedBooter.java:495)
 
[2023-11-22 12:01:24] [INFO   ] LM_L_LIP Test Cases Execution Completed 
[2023-11-22 12:01:24] [INFO   ] Time elapsed - [In milli-seconds: 16516] [In seconds:16.516] 
]]></system-err>
  </testcase>
  <testcase name="LM_L_LP[varunb_b_9960051486, @6qFUHkji, public void pom.test.Prerak_Login_Test.LM_L_LP(java.lang.String,java.lang.String,java.lang.reflect.Method)](1)" classname="pom.test.Prerak_Login_Test" time="5.372">
    <system-err><![CDATA[[2023-11-22 12:01:27] [INFO   ] Fetching data from the data provider 'prerak_login' 
[2023-11-22 12:01:27] [INFO   ] Setting up the browser... 
[2023-11-22 12:01:27] [WARNING] Unable to find an exact match for CDP version 116, so returning the closest version found: 115 
[2023-11-22 12:01:28] [INFO   ] Started measuring time 2023-11-22T06:31:28.140221112Z 
[2023-11-22 12:01:28] [INFO   ] Executing LM_L_LP method 
[2023-11-22 12:01:28] [INFO   ] Executing prerak login LM_L_LP test 
[2023-11-22 12:01:28] [INFO   ] Entering username: varunb_b_9960051486 
[2023-11-22 12:01:30] [INFO   ] Entering password... 
[2023-11-22 12:01:30] [INFO   ] Clicking on login button... 
[2023-11-22 12:01:33] [INFO   ] Clicking Logout... 
[2023-11-22 12:01:33] [INFO   ] Login test LM_L_LP executed successfully. 
[2023-11-22 12:01:33] [INFO   ] Test execution of LM_L_LP completed 
[2023-11-22 12:01:33] [INFO   ] Time elapsed - [In milli-seconds: 5364] [In seconds:5.364] 
]]></system-err>
  </testcase>
  <testcase name="PM_PPE_PP_PrerakHome[public void pom.test.Prerak_Edit_Test.PM_PPE_PP_PrerakHome(java.lang.reflect.Method)](1)" classname="pom.test.Prerak_Edit_Test" time="15.729">
    <system-err><![CDATA[[2023-11-22 12:01:33] [INFO   ] Setting up the browser... 
[2023-11-22 12:01:33] [WARNING] Unable to find an exact match for CDP version 116, so returning the closest version found: 115 
[2023-11-22 12:01:34] [INFO   ] Started measuring time 2023-11-22T06:31:34.598494616Z 
[2023-11-22 12:01:34] [INFO   ] PM_PPE_PP_PrerakHome method 
[2023-11-22 12:01:34] [INFO   ] Executing common login... 
[2023-11-22 12:01:34] [INFO   ] Entering username: varunb_b_9960051486 
[2023-11-22 12:01:36] [INFO   ] Entering password... 
[2023-11-22 12:01:37] [INFO   ] Clicking on login button... 
[2023-11-22 12:01:37] [INFO   ] Common login executed successfully. 
[2023-11-22 12:01:37] [INFO   ] Executing PM_PPE_PP_PrerakProfileEdit test cases... 
[2023-11-22 12:01:39] [INFO   ] Clicking sidebar 
[2023-11-22 12:01:40] [INFO   ] Clicking Profile 
[2023-11-22 12:01:44] [INFO   ] Clicking editBasicDetails 
[2023-11-22 12:01:45] [INFO   ] Clicking editName 
[2023-11-22 12:01:46] [INFO   ] Clicking editContactDetails 
[2023-11-22 12:01:48] [INFO   ] Clicking editAddressDetails 
[2023-11-22 12:01:50] [SEVERE ] !!!    EXCEPTION Occurred    !!! 
[2023-11-22 12:01:50] [SEVERE ] Exception occurred during PM_PPE_PP_PrerakProfileEdit test cases. 
[2023-11-22 12:01:50] [SEVERE ] ------------------- Exception Error Message is: -------------- 
[2023-11-22 12:01:50] [SEVERE ] Expected condition failed: waiting for element to be clickable: By.xpath: (//div[@role='button'])[11] (tried for 2 second(s) with 500 milliseconds interval)
Build info: version: '4.11.0', revision: '040bc5406b'
System info: os.name: 'Linux', os.arch: 'amd64', os.version: '5.15.0-86-generic', java.version: '17.0.8.1'
Driver info: org.openqa.selenium.chrome.ChromeDriver
Capabilities {acceptInsecureCerts: false, browserName: chrome, browserVersion: 116.0.5845.96, chrome: {chromedriverVersion: 116.0.5845.96 (1a3918166880..., userDataDir: /tmp/.org.chromium.Chromium...}, fedcm:accounts: true, goog:chromeOptions: {debuggerAddress: localhost:33241}, networkConnectionEnabled: false, pageLoadStrategy: normal, platformName: linux, proxy: Proxy(), se:cdp: ws://localhost:33241/devtoo..., se:cdpVersion: 116.0.5845.96, setWindowRect: true, strictFileInteractability: false, timeouts: {implicit: 0, pageLoad: 300000, script: 30000}, unhandledPromptBehavior: dismiss and notify, webauthn:extension:credBlob: true, webauthn:extension:largeBlob: true, webauthn:extension:minPinLength: true, webauthn:extension:prf: true, webauthn:virtualAuthenticators: true}
Session ID: 53c739bac06677105cae3d9f4906d82a 
[2023-11-22 12:01:50] [SEVERE ] =================== Exception stack trace ==================== 
[2023-11-22 12:01:50] [SEVERE ] org.openqa.selenium.TimeoutException: Expected condition failed: waiting for element to be clickable: By.xpath: (//div[@role='button'])[11] (tried for 2 second(s) with 500 milliseconds interval)
Build info: version: '4.11.0', revision: '040bc5406b'
System info: os.name: 'Linux', os.arch: 'amd64', os.version: '5.15.0-86-generic', java.version: '17.0.8.1'
Driver info: org.openqa.selenium.chrome.ChromeDriver
Capabilities {acceptInsecureCerts: false, browserName: chrome, browserVersion: 116.0.5845.96, chrome: {chromedriverVersion: 116.0.5845.96 (1a3918166880..., userDataDir: /tmp/.org.chromium.Chromium...}, fedcm:accounts: true, goog:chromeOptions: {debuggerAddress: localhost:33241}, networkConnectionEnabled: false, pageLoadStrategy: normal, platformName: linux, proxy: Proxy(), se:cdp: ws://localhost:33241/devtoo..., se:cdpVersion: 116.0.5845.96, setWindowRect: true, strictFileInteractability: false, timeouts: {implicit: 0, pageLoad: 300000, script: 30000}, unhandledPromptBehavior: dismiss and notify, webauthn:extension:credBlob: true, webauthn:extension:largeBlob: true, webauthn:extension:minPinLength: true, webauthn:extension:prf: true, webauthn:virtualAuthenticators: true}
Session ID: 53c739bac06677105cae3d9f4906d82a
	at org.openqa.selenium.support.ui.WebDriverWait.timeoutException(WebDriverWait.java:84)
	at org.openqa.selenium.support.ui.FluentWait.until(FluentWait.java:230)
	at pom.Prerak_Edit.clickAndWait(Prerak_Edit.java:295)
	at pom.Prerak_Edit.click_editAddressDetails(Prerak_Edit.java:170)
	at pom.Prerak_Edit.PM_PPE_PP_PrerakProfileEdit(Prerak_Edit.java:437)
	at pom.test.Prerak_Edit_Test.PM_PPE_PP_PrerakHome(Prerak_Edit_Test.java:106)
	at java.base/jdk.internal.reflect.NativeMethodAccessorImpl.invoke0(Native Method)
	at java.base/jdk.internal.reflect.NativeMethodAccessorImpl.invoke(NativeMethodAccessorImpl.java:77)
	at java.base/jdk.internal.reflect.DelegatingMethodAccessorImpl.invoke(DelegatingMethodAccessorImpl.java:43)
	at java.base/java.lang.reflect.Method.invoke(Method.java:568)
	at org.testng.internal.invokers.MethodInvocationHelper.invokeMethod(MethodInvocationHelper.java:139)
	at org.testng.internal.invokers.TestInvoker.invokeMethod(TestInvoker.java:664)
	at org.testng.internal.invokers.TestInvoker.invokeTestMethod(TestInvoker.java:227)
	at org.testng.internal.invokers.MethodRunner.runInSequence(MethodRunner.java:50)
	at org.testng.internal.invokers.TestInvoker$MethodInvocationAgent.invoke(TestInvoker.java:957)
	at org.testng.internal.invokers.TestInvoker.invokeTestMethods(TestInvoker.java:200)
	at org.testng.internal.invokers.TestMethodWorker.invokeTestMethods(TestMethodWorker.java:148)
	at org.testng.internal.invokers.TestMethodWorker.run(TestMethodWorker.java:128)
	at java.base/java.util.ArrayList.forEach(ArrayList.java:1511)
	at org.testng.TestRunner.privateRun(TestRunner.java:848)
	at org.testng.TestRunner.run(TestRunner.java:621)
	at org.testng.SuiteRunner.runTest(SuiteRunner.java:443)
	at org.testng.SuiteRunner.runSequentially(SuiteRunner.java:437)
	at org.testng.SuiteRunner.privateRun(SuiteRunner.java:397)
	at org.testng.SuiteRunner.run(SuiteRunner.java:336)
	at org.testng.SuiteRunnerWorker.runSuite(SuiteRunnerWorker.java:52)
	at org.testng.SuiteRunnerWorker.run(SuiteRunnerWorker.java:95)
	at org.testng.TestNG.runSuitesSequentially(TestNG.java:1280)
	at org.testng.TestNG.runSuitesLocally(TestNG.java:1200)
	at org.testng.TestNG.runSuites(TestNG.java:1114)
	at org.testng.TestNG.run(TestNG.java:1082)
	at org.apache.maven.surefire.testng.TestNGExecutor.run(TestNGExecutor.java:308)
	at org.apache.maven.surefire.testng.TestNGXmlTestSuite.execute(TestNGXmlTestSuite.java:71)
	at org.apache.maven.surefire.testng.TestNGProvider.invoke(TestNGProvider.java:113)
	at org.apache.maven.surefire.booter.ForkedBooter.runSuitesInProcess(ForkedBooter.java:385)
	at org.apache.maven.surefire.booter.ForkedBooter.execute(ForkedBooter.java:162)
	at org.apache.maven.surefire.booter.ForkedBooter.run(ForkedBooter.java:507)
	at org.apache.maven.surefire.booter.ForkedBooter.main(ForkedBooter.java:495)
 
[2023-11-22 12:01:50] [INFO   ] Test case execution completed 
[2023-11-22 12:01:50] [INFO   ] Time elapsed - [In milli-seconds: 15726] [In seconds:15.726] 
]]></system-err>
  </testcase>
  <testcase name="PM_PPE_PP_EditPrerakDetails_editName[Varun, Vishwas, Bhosale, 1995, 04, 16, public void pom.test.Prerak_Edit_Test.PM_PPE_PP_EditPrerakDetails_editName(java.lang.String,java.lang.String,java.lang.String,java.lang.String,java.lang.String,java.lang.String,java.lang.reflect.Method)](1)" classname="pom.test.Prerak_Edit_Test" time="30.707">
    <system-err><![CDATA[[2023-11-22 12:01:50] [INFO   ] Fetching data from the data provider 'editName' 
[2023-11-22 12:01:50] [INFO   ] Setting up the browser... 
[2023-11-22 12:01:50] [WARNING] Unable to find an exact match for CDP version 116, so returning the closest version found: 115 
[2023-11-22 12:01:51] [INFO   ] Started measuring time 2023-11-22T06:31:51.237844361Z 
[2023-11-22 12:01:51] [INFO   ] EditPrerakDetails_PM_PPE_PP_editName method 
[2023-11-22 12:01:51] [INFO   ] Executing common login... 
[2023-11-22 12:01:51] [INFO   ] Entering username: varunb_b_9960051486 
[2023-11-22 12:01:53] [INFO   ] Entering password... 
[2023-11-22 12:01:53] [INFO   ] Clicking on login button... 
[2023-11-22 12:01:53] [INFO   ] Common login executed successfully. 
[2023-11-22 12:01:53] [INFO   ] Executing PM_PPE_PP_editName test cases... 
[2023-11-22 12:01:56] [INFO   ] Clicking sidebar 
[2023-11-22 12:01:57] [INFO   ] Clicking Profile 
[2023-11-22 12:02:01] [INFO   ] Clicking editBasicDetails 
[2023-11-22 12:02:02] [INFO   ] Clicking editName 
[2023-11-22 12:02:05] [INFO   ] Entering First Name 
[2023-11-22 12:02:13] [INFO   ] Entering Middle Name 
[2023-11-22 12:02:15] [INFO   ] Entering Last Name 
[2023-11-22 12:02:17] [INFO   ] Selecting Year 
[2023-11-22 12:02:18] [INFO   ] Selecting Month 
[2023-11-22 12:02:19] [INFO   ] Selecting Day 
[2023-11-22 12:02:20] [INFO   ] Clicking Save 
[2023-11-22 12:02:21] [INFO   ] PM_PPE_PP_editName Test executed successfully. 
[2023-11-22 12:02:21] [INFO   ] PM_PPE_PP_editName Test case execution completed 
[2023-11-22 12:02:21] [INFO   ] Time elapsed - [In milli-seconds: 30704] [In seconds:30.704] 
]]></system-err>
  </testcase>
</testsuite>